<?xml version="1.0" encoding="UTF-8"?>
<!-- Generated by org.testng.reporters.JUnitXMLReporter -->
<testsuite hostname="D-113064970" name="Test" tests="3" failures="0" timestamp="8 Jun 2016 12:38:17 GMT" time="419.44" errors="0">
  <testcase name="BSD_Quote_Request" time="209.565" classname="com.wipro.sfdc.test.TC_BSDQuoteRequest"/>
  <testcase name="Create_New_Lead" time="65.84" classname="com.wipro.sfdc.test.TC_CreateNewLead"/>
  <testcase name="Test_Sales_Force" time="60.111" classname="com.wipro.sfdc.test.TC_SalesForce"/>
</testsuite> <!-- Test -->
